Arguments: 
  /Users/user/.nvm/versions/node/v12.22.7/bin/node /usr/local/Cellar/yarn/1.22.17/libexec/bin/yarn.js add axios

PATH: 
  /Users/user/.nvm/versions/node/v12.22.7/bin:/Users/user/google-cloud-sdk/bin:/usr/local/bin:/usr/bin:/bin:/usr/sbin:/sbin:/opt/X11/bin:/Library/Apple/usr/bin:/Library/Java/JavaVirtualMachines/jdk1.8.0_271.jdk/Contents/Home:/Users/user/Library/Android/sdk/tools:/Users/user/Library/Android/sdk/platform-tools:/Users/user/Utils/flutter/bin

Yarn version: 
  1.22.17

Node version: 
  12.22.7

Platform: 
  darwin x64

Trace: 
  Error: getaddrinfo ENOTFOUND registry.yarnpkg.com
      at GetAddrInfoReqWrap.onlookup [as oncomplete] (dns.js:66:26)

npm manifest: 
  {
    "name": "plugexpresso",
    "version": "0.1.0",
    "description": "PlugExpresso is package that tokenizes incentives like food and many more... Plug Expresso",
    "types": "lib/index.d.ts",
    "main": "lib/index.js",
    "scripts": {
      "start": "node src/index.ts",
      "build": "rm ./lib/* && tsc",
      "pre": "rm ./lib/* && tsc && npm version patch"
    },
    "repository": {
      "type": "git",
      "url": "git+https://github.com/expressoinc/plugexpresso.git"
    },
    "keywords": ["expresso", "plug", "plug expresso", "plugexpresso", "food tokens", "vendors", "tokens"],
    "author": "Jeremiah Nwaeze",
    "license": "MIT",
    "files": [
      "lib"
    ],
    "bugs": {
      "url": "https://github.com/expressoinc/plugexpresso/issues"
    },
    "homepage": "https://github.com/expressoinc/plugexpresso#readme", 
    "devDependencies": {
      "@types/expo": "^25.0.0",
      "@types/react": "^16.0.40",
      "@types/react-native": "^0.52.16",
      "tslint": "^5.9.1",
      "tslint-config-prettier": "^1.9.0",
      "tslint-react": "^3.5.1",
      "typescript": "^2.7.2"
    }
  }

yarn manifest: 
  No manifest

Lockfile: 
  No lockfile
